<?xml version="1.0" encoding="UTF-8"?>
<!-- Generated by org.testng.reporters.JUnitReportReporter -->
<testsuite hostname="P4A-508SD64" name="com.accenture.tests.Demo_Cookies" tests="1" failures="0" timestamp="24 Jul 2018 07:31:01 GMT" time="4.792" errors="0">
  <testcase name="cookies" time="4.792" classname="com.accenture.tests.Demo_Cookies"/>
</testsuite> <!-- com.accenture.tests.Demo_Cookies -->
